# JRE version: OpenJDK Runtime Environment Temurin-21.0.10+7 (21.0.10+7) (build 21.0.10+7-LTS)
# Java VM: OpenJDK 64-Bit Server VM Temurin-21.0.10+7 (21.0.10+7-LTS, mixed mode, sharing, tiered, compressed oops, compressed class ptrs, parallel gc, windows-amd64)
GC Precious Log:
 CardTable entry size: 512
 CPUs: 16 total, 16 available
 Memory: 16109M
 Large Page Support: Disabled
 NUMA Support: Disabled
 Compressed Oops: Enabled (32-bit)
 Alignments: Space 512K, Generation 512K, Heap 2M
 Heap Min Capacity: 100M
 Heap Initial Capacity: 100M
 Heap Max Capacity: 2G
 Pre-touch: Disabled
 Parallel Workers: 13
Heap:
 PSYoungGen      total 8192K, used 644K [0x00000000d5580000, 0x00000000d5f80000, 0x0000000100000000)
  eden space 7168K, 0% used [0x00000000d5580000,0x00000000d5589038,0x00000000d5c80000)
  from space 1024K, 59% used [0x00000000d5d80000,0x00000000d5e18020,0x00000000d5e80000)
  to   space 1024K, 0% used [0x00000000d5e80000,0x00000000d5e80000,0x00000000d5f80000)
 ParOldGen       total 216576K, used 211650K [0x0000000080000000, 0x000000008d380000, 0x00000000d5580000)
  object space 216576K, 97% used [0x0000000080000000,0x000000008ceb0b10,0x000000008d380000)
 Metaspace       used 78515K, committed 80192K, reserved 1179648K
  class space    used 7939K, committed 8704K, reserved 1048576K
GC Heap History (20 events):
Event: 10285.175 GC heap before
{Heap before GC invocations=262 (full 4):
 PSYoungGen      total 12288K, used 11866K [0x00000000d5580000, 0x00000000d6780000, 0x0000000100000000)
  eden space 7168K, 100% used [0x00000000d5580000,0x00000000d5c80000,0x00000000d5c80000)
  from space 5120K, 91% used [0x00000000d6000000,0x00000000d6496920,0x00000000d6500000)
  to   space 2560K, 0% used [0x00000000d6500000,0x00000000d6500000,0x00000000d6780000)
 ParOldGen       total 193024K, used 165695K [0x0000000080000000, 0x000000008bc80000, 0x00000000d5580000)
  object space 193024K, 85% used [0x0000000080000000,0x000000008a1cfd60,0x000000008bc80000)
 Metaspace       used 78314K, committed 80064K, reserved 1179648K
  class space    used 7935K, committed 8704K, reserved 1048576K
}
Event: 10285.184 GC heap after
{Heap after GC invocations=262 (full 4):
 PSYoungGen      total 9728K, used 2536K [0x00000000d5580000, 0x00000000d6c80000, 0x0000000100000000)
  eden space 7168K, 0% used [0x00000000d5580000,0x00000000d5580000,0x00000000d5c80000)
  from space 2560K, 99% used [0x00000000d6500000,0x00000000d677a000,0x00000000d6780000)
  to   space 8192K, 0% used [0x00000000d5c80000,0x00000000d5c80000,0x00000000d6480000)
 ParOldGen       total 193024K, used 170494K [0x0000000080000000, 0x000000008bc80000, 0x00000000d5580000)
  object space 193024K, 88% used [0x0000000080000000,0x000000008a67fba0,0x000000008bc80000)
 Metaspace       used 78314K, committed 80064K, reserved 1179648K
  class space    used 7935K, committed 8704K, reserved 1048576K
}
Event: 10285.248 GC heap before
{Heap before GC invocations=263 (full 4):
 PSYoungGen      total 9728K, used 9704K [0x00000000d5580000, 0x00000000d6c80000, 0x0000000100000000)
  eden space 7168K, 100% used [0x00000000d5580000,0x00000000d5c80000,0x00000000d5c80000)
  from space 2560K, 99% used [0x00000000d6500000,0x00000000d677a000,0x00000000d6780000)
  to   space 8192K, 0% used [0x00000000d5c80000,0x00000000d5c80000,0x00000000d6480000)
 ParOldGen       total 193024K, used 170494K [0x0000000080000000, 0x000000008bc80000, 0x00000000d5580000)
  object space 193024K, 88% used [0x0000000080000000,0x000000008a67fba0,0x000000008bc80000)
 Metaspace       used 78324K, committed 80064K, reserved 1179648K
  class space    used 7935K, committed 8704K, reserved 1048576K
}
Event: 10285.253 GC heap after
{Heap after GC invocations=263 (full 4):
 PSYoungGen      total 9728K, used 2420K [0x00000000d5580000, 0x00000000d6580000, 0x0000000100000000)
  eden space 7168K, 0% used [0x00000000d5580000,0x00000000d5580000,0x00000000d5c80000)
  from space 2560K, 94% used [0x00000000d5c80000,0x00000000d5edd210,0x00000000d5f00000)
  to   space 4608K, 0% used [0x00000000d6100000,0x00000000d6100000,0x00000000d6580000)
 ParOldGen       total 193024K, used 172718K [0x0000000080000000, 0x000000008bc80000, 0x00000000d5580000)
  object space 193024K, 89% used [0x0000000080000000,0x000000008a8abba0,0x000000008bc80000)
 Metaspace       used 78324K, committed 80064K, reserved 1179648K
  class space    used 7935K, committed 8704K, reserved 1048576K
}
Event: 10285.352 GC heap before
{Heap before GC invocations=264 (full 4):
 PSYoungGen      total 9728K, used 9588K [0x00000000d5580000, 0x00000000d6580000, 0x0000000100000000)
  eden space 7168K, 100% used [0x00000000d5580000,0x00000000d5c80000,0x00000000d5c80000)
  from space 2560K, 94% used [0x00000000d5c80000,0x00000000d5edd210,0x00000000d5f00000)
  to   space 4608K, 0% used [0x00000000d6100000,0x00000000d6100000,0x00000000d6580000)
 ParOldGen       total 193024K, used 172718K [0x0000000080000000, 0x000000008bc80000, 0x00000000d5580000)
  object space 193024K, 89% used [0x0000000080000000,0x000000008a8abba0,0x000000008bc80000)
 Metaspace       used 78339K, committed 80064K, reserved 1179648K
  class space    used 7935K, committed 8704K, reserved 1048576K
}
Event: 10285.357 GC heap after
{Heap after GC invocations=264 (full 4):
 PSYoungGen      total 8704K, used 1114K [0x00000000d5580000, 0x00000000d6280000, 0x0000000100000000)
  eden space 7168K, 0% used [0x00000000d5580000,0x00000000d5580000,0x00000000d5c80000)
  from space 1536K, 72% used [0x00000000d6100000,0x00000000d6216900,0x00000000d6280000)
  to   space 2048K, 0% used [0x00000000d5e80000,0x00000000d5e80000,0x00000000d6080000)
 ParOldGen       total 193024K, used 174923K [0x0000000080000000, 0x000000008bc80000, 0x00000000d5580000)
  object space 193024K, 90% used [0x0000000080000000,0x000000008aad2dd0,0x000000008bc80000)
 Metaspace       used 78339K, committed 80064K, reserved 1179648K
  class space    used 7935K, committed 8704K, reserved 1048576K
}
Event: 10285.402 GC heap before
{Heap before GC invocations=265 (full 4):
 PSYoungGen      total 8704K, used 8282K [0x00000000d5580000, 0x00000000d6280000, 0x0000000100000000)
  eden space 7168K, 100% used [0x00000000d5580000,0x00000000d5c80000,0x00000000d5c80000)
  from space 1536K, 72% used [0x00000000d6100000,0x00000000d6216900,0x00000000d6280000)
  to   space 2048K, 0% used [0x00000000d5e80000,0x00000000d5e80000,0x00000000d6080000)
 ParOldGen       total 193024K, used 174923K [0x0000000080000000, 0x000000008bc80000, 0x00000000d5580000)
  object space 193024K, 90% used [0x0000000080000000,0x000000008aad2dd0,0x000000008bc80000)
 Metaspace       used 78381K, committed 80128K, reserved 1179648K
  class space    used 7935K, committed 8704K, reserved 1048576K
}
Event: 10285.406 GC heap after
{Heap after GC invocations=265 (full 4):
 PSYoungGen      total 8704K, used 1247K [0x00000000d5580000, 0x00000000d6180000, 0x0000000100000000)
  eden space 7168K, 0% used [0x00000000d5580000,0x00000000d5580000,0x00000000d5c80000)
  from space 1536K, 81% used [0x00000000d5e80000,0x00000000d5fb7e18,0x00000000d6000000)
  to   space 1536K, 0% used [0x00000000d6000000,0x00000000d6000000,0x00000000d6180000)
 ParOldGen       total 193024K, used 175912K [0x0000000080000000, 0x000000008bc80000, 0x00000000d5580000)
  object space 193024K, 91% used [0x0000000080000000,0x000000008abca000,0x000000008bc80000)
 Metaspace       used 78381K, committed 80128K, reserved 1179648K
  class space    used 7935K, committed 8704K, reserved 1048576K
}
Event: 10285.442 GC heap before
{Heap before GC invocations=266 (full 4):
 PSYoungGen      total 8704K, used 8415K [0x00000000d5580000, 0x00000000d6180000, 0x0000000100000000)
  eden space 7168K, 100% used [0x00000000d5580000,0x00000000d5c80000,0x00000000d5c80000)
  from space 1536K, 81% used [0x00000000d5e80000,0x00000000d5fb7e18,0x00000000d6000000)
  to   space 1536K, 0% used [0x00000000d6000000,0x00000000d6000000,0x00000000d6180000)
 ParOldGen       total 193024K, used 175912K [0x0000000080000000, 0x000000008bc80000, 0x00000000d5580000)
  object space 193024K, 91% used [0x0000000080000000,0x000000008abca000,0x000000008bc80000)
 Metaspace       used 78393K, committed 80128K, reserved 1179648K
  class space    used 7937K, committed 8704K, reserved 1048576K
}
Event: 10285.444 GC heap after
{Heap after GC invocations=266 (full 4):
 PSYoungGen      total 8192K, used 768K [0x00000000d5580000, 0x00000000d6100000, 0x0000000100000000)
  eden space 7168K, 0% used [0x00000000d5580000,0x00000000d5580000,0x00000000d5c80000)
  from space 1024K, 75% used [0x00000000d6000000,0x00000000d60c0000,0x00000000d6100000)
  to   space 1024K, 0% used [0x00000000d5f00000,0x00000000d5f00000,0x00000000d6000000)
 ParOldGen       total 193024K, used 177015K [0x0000000080000000, 0x000000008bc80000, 0x00000000d5580000)
  object space 193024K, 91% used [0x0000000080000000,0x000000008acdddd0,0x000000008bc80000)
 Metaspace       used 78393K, committed 80128K, reserved 1179648K
  class space    used 7937K, committed 8704K, reserved 1048576K
}
Event: 10285.475 GC heap before
{Heap before GC invocations=267 (full 4):
 PSYoungGen      total 8192K, used 7936K [0x00000000d5580000, 0x00000000d6100000, 0x0000000100000000)
  eden space 7168K, 100% used [0x00000000d5580000,0x00000000d5c80000,0x00000000d5c80000)
  from space 1024K, 75% used [0x00000000d6000000,0x00000000d60c0000,0x00000000d6100000)
  to   space 1024K, 0% used [0x00000000d5f00000,0x00000000d5f00000,0x00000000d6000000)
 ParOldGen       total 193024K, used 177015K [0x0000000080000000, 0x000000008bc80000, 0x00000000d5580000)
  object space 193024K, 91% used [0x0000000080000000,0x000000008acdddd0,0x000000008bc80000)
 Metaspace       used 78403K, committed 80128K, reserved 1179648K
  class space    used 7937K, committed 8704K, reserved 1048576K
}
Event: 10285.477 GC heap after
{Heap after GC invocations=267 (full 4):
 PSYoungGen      total 8192K, used 1001K [0x00000000d5580000, 0x00000000d6080000, 0x0000000100000000)
  eden space 7168K, 0% used [0x00000000d5580000,0x00000000d5580000,0x00000000d5c80000)
  from space 1024K, 97% used [0x00000000d5f00000,0x00000000d5ffa420,0x00000000d6000000)
  to   space 512K, 0% used [0x00000000d6000000,0x00000000d6000000,0x00000000d6080000)
 ParOldGen       total 193024K, used 177543K [0x0000000080000000, 0x000000008bc80000, 0x00000000d5580000)
  object space 193024K, 91% used [0x0000000080000000,0x000000008ad61dd0,0x000000008bc80000)
 Metaspace       used 78403K, committed 80128K, reserved 1179648K
  class space    used 7937K, committed 8704K, reserved 1048576K
}
Event: 10285.494 GC heap before
{Heap before GC invocations=268 (full 4):
 PSYoungGen      total 8192K, used 8169K [0x00000000d5580000, 0x00000000d6080000, 0x0000000100000000)
  eden space 7168K, 100% used [0x00000000d5580000,0x00000000d5c80000,0x00000000d5c80000)
  from space 1024K, 97% used [0x00000000d5f00000,0x00000000d5ffa420,0x00000000d6000000)
  to   space 512K, 0% used [0x00000000d6000000,0x00000000d6000000,0x00000000d6080000)
 ParOldGen       total 193024K, used 177543K [0x0000000080000000, 0x000000008bc80000, 0x00000000d5580000)
  object space 193024K, 91% used [0x0000000080000000,0x000000008ad61dd0,0x000000008bc80000)
 Metaspace       used 78405K, committed 80128K, reserved 1179648K
  class space    used 7937K, committed 8704K, reserved 1048576K
}
Event: 10285.497 GC heap after
{Heap after GC invocations=268 (full 4):
 PSYoungGen      total 7680K, used 512K [0x00000000d5580000, 0x00000000d6080000, 0x0000000100000000)
  eden space 7168K, 0% used [0x00000000d5580000,0x00000000d5580000,0x00000000d5c80000)
  from space 512K, 100% used [0x00000000d6000000,0x00000000d6080000,0x00000000d6080000)
  to   space 2048K, 0% used [0x00000000d5c80000,0x00000000d5c80000,0x00000000d5e80000)
 ParOldGen       total 193024K, used 178850K [0x0000000080000000, 0x000000008bc80000, 0x00000000d5580000)
  object space 193024K, 92% used [0x0000000080000000,0x000000008aea8bc0,0x000000008bc80000)
 Metaspace       used 78405K, committed 80128K, reserved 1179648K
  class space    used 7937K, committed 8704K, reserved 1048576K
}
Event: 10285.525 GC heap before
{Heap before GC invocations=269 (full 4):
 PSYoungGen      total 7680K, used 7680K [0x00000000d5580000, 0x00000000d6080000, 0x0000000100000000)
  eden space 7168K, 100% used [0x00000000d5580000,0x00000000d5c80000,0x00000000d5c80000)
  from space 512K, 100% used [0x00000000d6000000,0x00000000d6080000,0x00000000d6080000)
  to   space 2048K, 0% used [0x00000000d5c80000,0x00000000d5c80000,0x00000000d5e80000)
 ParOldGen       total 193024K, used 178850K [0x0000000080000000, 0x000000008bc80000, 0x00000000d5580000)
  object space 193024K, 92% used [0x0000000080000000,0x000000008aea8bc0,0x000000008bc80000)
 Metaspace       used 78416K, committed 80128K, reserved 1179648K
  class space    used 7937K, committed 8704K, reserved 1048576K
}
Event: 10285.527 GC heap after
{Heap after GC invocations=269 (full 4):
 PSYoungGen      total 9216K, used 1332K [0x00000000d5580000, 0x00000000d6080000, 0x0000000100000000)
  eden space 7168K, 0% used [0x00000000d5580000,0x00000000d5580000,0x00000000d5c80000)
  from space 2048K, 65% used [0x00000000d5c80000,0x00000000d5dcd200,0x00000000d5e80000)
  to   space 1536K, 0% used [0x00000000d5f00000,0x00000000d5f00000,0x00000000d6080000)
 ParOldGen       total 193024K, used 179398K [0x0000000080000000, 0x000000008bc80000, 0x00000000d5580000)
  object space 193024K, 92% used [0x0000000080000000,0x000000008af31ac0,0x000000008bc80000)
 Metaspace       used 78416K, committed 80128K, reserved 1179648K
  class space    used 7937K, committed 8704K, reserved 1048576K
}
Event: 10285.854 GC heap before
{Heap before GC invocations=270 (full 4):
 PSYoungGen      total 9216K, used 8500K [0x00000000d5580000, 0x00000000d6080000, 0x0000000100000000)
  eden space 7168K, 100% used [0x00000000d5580000,0x00000000d5c80000,0x00000000d5c80000)
  from space 2048K, 65% used [0x00000000d5c80000,0x00000000d5dcd200,0x00000000d5e80000)
  to   space 1536K, 0% used [0x00000000d5f00000,0x00000000d5f00000,0x00000000d6080000)
 ParOldGen       total 216576K, used 210118K [0x0000000080000000, 0x000000008d380000, 0x00000000d5580000)
  object space 216576K, 97% used [0x0000000080000000,0x000000008cd31af0,0x000000008d380000)
 Metaspace       used 78493K, committed 80192K, reserved 1179648K
  class space    used 7939K, committed 8704K, reserved 1048576K
}
Event: 10285.856 GC heap after
{Heap after GC invocations=270 (full 4):
 PSYoungGen      total 8704K, used 1088K [0x00000000d5580000, 0x00000000d6080000, 0x0000000100000000)
  eden space 7168K, 0% used [0x00000000d5580000,0x00000000d5580000,0x00000000d5c80000)
  from space 1536K, 70% used [0x00000000d5f00000,0x00000000d6010000,0x00000000d6080000)
  to   space 1536K, 0% used [0x00000000d5d80000,0x00000000d5d80000,0x00000000d5f00000)
 ParOldGen       total 216576K, used 210870K [0x0000000080000000, 0x000000008d380000, 0x00000000d5580000)
  object space 216576K, 97% used [0x0000000080000000,0x000000008cdedb10,0x000000008d380000)
 Metaspace       used 78493K, committed 80192K, reserved 1179648K
  class space    used 7939K, committed 8704K, reserved 1048576K
}
Event: 11431.314 GC heap before
{Heap before GC invocations=271 (full 4):
 PSYoungGen      total 8704K, used 8255K [0x00000000d5580000, 0x00000000d6080000, 0x0000000100000000)
  eden space 7168K, 99% used [0x00000000d5580000,0x00000000d5c7ffe8,0x00000000d5c80000)
  from space 1536K, 70% used [0x00000000d5f00000,0x00000000d6010000,0x00000000d6080000)
  to   space 1536K, 0% used [0x00000000d5d80000,0x00000000d5d80000,0x00000000d5f00000)
 ParOldGen       total 216576K, used 210870K [0x0000000080000000, 0x000000008d380000, 0x00000000d5580000)
  object space 216576K, 97% used [0x0000000080000000,0x000000008cdedb10,0x000000008d380000)
 Metaspace       used 78515K, committed 80192K, reserved 1179648K
  class space    used 7939K, committed 8704K, reserved 1048576K
}
Event: 11431.545 GC heap after
{Heap after GC invocations=271 (full 4):
 PSYoungGen      total 8192K, used 608K [0x00000000d5580000, 0x00000000d5f80000, 0x0000000100000000)
  eden space 7168K, 0% used [0x00000000d5580000,0x00000000d5580000,0x00000000d5c80000)
  from space 1024K, 59% used [0x00000000d5d80000,0x00000000d5e18020,0x00000000d5e80000)
  to   space 1024K, 0% used [0x00000000d5e80000,0x00000000d5e80000,0x00000000d5f80000)
 ParOldGen       total 216576K, used 211650K [0x0000000080000000, 0x000000008d380000, 0x00000000d5580000)
  object space 216576K, 97% used [0x0000000080000000,0x000000008ceb0b10,0x000000008d380000)
 Metaspace       used 78515K, committed 80192K, reserved 1179648K
  class space    used 7939K, committed 8704K, reserved 1048576K
}

