# JRE version: OpenJDK Runtime Environment Temurin-21.0.10+7 (21.0.10+7) (build 21.0.10+7-LTS)
# Java VM: OpenJDK 64-Bit Server VM Temurin-21.0.10+7 (21.0.10+7-LTS, mixed mode, sharing, tiered, compressed oops, compressed class ptrs, parallel gc, windows-amd64)
GC Precious Log:
 CardTable entry size: 512
 CPUs: 16 total, 16 available
 Memory: 16109M
 Large Page Support: Disabled
 NUMA Support: Disabled
 Compressed Oops: Enabled (32-bit)
 Alignments: Space 512K, Generation 512K, Heap 2M
 Heap Min Capacity: 100M
 Heap Initial Capacity: 100M
 Heap Max Capacity: 2G
 Pre-touch: Disabled
 Parallel Workers: 13
Heap:
 PSYoungGen      total 2560K, used 1786K [0x00000000d5580000, 0x00000000d5980000, 0x0000000100000000)
  eden space 1024K, 80% used [0x00000000d5580000,0x00000000d564ebd0,0x00000000d5680000)
  from space 1536K, 62% used [0x00000000d5800000,0x00000000d58f0000,0x00000000d5980000)
  to   space 1536K, 0% used [0x00000000d5680000,0x00000000d5680000,0x00000000d5800000)
 ParOldGen       total 419840K, used 419379K [0x0000000080000000, 0x0000000099a00000, 0x00000000d5580000)
  object space 419840K, 99% used [0x0000000080000000,0x000000009998cce0,0x0000000099a00000)
 Metaspace       used 63378K, committed 64768K, reserved 1114112K
  class space    used 6433K, committed 7040K, reserved 1048576K
GC Heap History (20 events):
Event: 40.374 GC heap before
{Heap before GC invocations=423 (full 3):
 PSYoungGen      total 5120K, used 5031K [0x00000000d5580000, 0x00000000d5d00000, 0x0000000100000000)
  eden space 2560K, 100% used [0x00000000d5580000,0x00000000d5800000,0x00000000d5800000)
  from space 2560K, 96% used [0x00000000d5900000,0x00000000d5b69e90,0x00000000d5b80000)
  to   space 1536K, 0% used [0x00000000d5b80000,0x00000000d5b80000,0x00000000d5d00000)
 ParOldGen       total 406016K, used 405593K [0x0000000080000000, 0x0000000098c80000, 0x00000000d5580000)
  object space 406016K, 99% used [0x0000000080000000,0x0000000098c16558,0x0000000098c80000)
 Metaspace       used 63045K, committed 64512K, reserved 1114112K
  class space    used 6405K, committed 7040K, reserved 1048576K
}
Event: 40.377 GC heap after
{Heap after GC invocations=423 (full 3):
 PSYoungGen      total 2560K, used 1511K [0x00000000d5580000, 0x00000000d6200000, 0x0000000100000000)
  eden space 1024K, 0% used [0x00000000d5580000,0x00000000d5580000,0x00000000d5680000)
  from space 1536K, 98% used [0x00000000d5b80000,0x00000000d5cf9da8,0x00000000d5d00000)
  to   space 5120K, 0% used [0x00000000d5680000,0x00000000d5680000,0x00000000d5b80000)
 ParOldGen       total 409088K, used 408772K [0x0000000080000000, 0x0000000098f80000, 0x00000000d5580000)
  object space 409088K, 99% used [0x0000000080000000,0x0000000098f313e0,0x0000000098f80000)
 Metaspace       used 63045K, committed 64512K, reserved 1114112K
  class space    used 6405K, committed 7040K, reserved 1048576K
}
Event: 40.385 GC heap before
{Heap before GC invocations=424 (full 3):
 PSYoungGen      total 2560K, used 2535K [0x00000000d5580000, 0x00000000d6200000, 0x0000000100000000)
  eden space 1024K, 100% used [0x00000000d5580000,0x00000000d5680000,0x00000000d5680000)
  from space 1536K, 98% used [0x00000000d5b80000,0x00000000d5cf9da8,0x00000000d5d00000)
  to   space 5120K, 0% used [0x00000000d5680000,0x00000000d5680000,0x00000000d5b80000)
 ParOldGen       total 409088K, used 408772K [0x0000000080000000, 0x0000000098f80000, 0x00000000d5580000)
  object space 409088K, 99% used [0x0000000080000000,0x0000000098f313e0,0x0000000098f80000)
 Metaspace       used 63123K, committed 64576K, reserved 1114112K
  class space    used 6412K, committed 7040K, reserved 1048576K
}
Event: 40.386 GC heap after
{Heap after GC invocations=424 (full 3):
 PSYoungGen      total 2048K, used 608K [0x00000000d5580000, 0x00000000d5c00000, 0x0000000100000000)
  eden space 1024K, 0% used [0x00000000d5580000,0x00000000d5580000,0x00000000d5680000)
  from space 1024K, 59% used [0x00000000d5680000,0x00000000d5718000,0x00000000d5780000)
  to   space 2560K, 0% used [0x00000000d5980000,0x00000000d5980000,0x00000000d5c00000)
 ParOldGen       total 410624K, used 410244K [0x0000000080000000, 0x0000000099100000, 0x00000000d5580000)
  object space 410624K, 99% used [0x0000000080000000,0x00000000990a1170,0x0000000099100000)
 Metaspace       used 63123K, committed 64576K, reserved 1114112K
  class space    used 6412K, committed 7040K, reserved 1048576K
}
Event: 40.394 GC heap before
{Heap before GC invocations=425 (full 3):
 PSYoungGen      total 2048K, used 1632K [0x00000000d5580000, 0x00000000d5c00000, 0x0000000100000000)
  eden space 1024K, 100% used [0x00000000d5580000,0x00000000d5680000,0x00000000d5680000)
  from space 1024K, 59% used [0x00000000d5680000,0x00000000d5718000,0x00000000d5780000)
  to   space 2560K, 0% used [0x00000000d5980000,0x00000000d5980000,0x00000000d5c00000)
 ParOldGen       total 410624K, used 410244K [0x0000000080000000, 0x0000000099100000, 0x00000000d5580000)
  object space 410624K, 99% used [0x0000000080000000,0x00000000990a1170,0x0000000099100000)
 Metaspace       used 63187K, committed 64640K, reserved 1114112K
  class space    used 6419K, committed 7040K, reserved 1048576K
}
Event: 40.395 GC heap after
{Heap after GC invocations=425 (full 3):
 PSYoungGen      total 2048K, used 576K [0x00000000d5580000, 0x00000000d5a80000, 0x0000000100000000)
  eden space 1024K, 0% used [0x00000000d5580000,0x00000000d5580000,0x00000000d5680000)
  from space 1024K, 56% used [0x00000000d5980000,0x00000000d5a10000,0x00000000d5a80000)
  to   space 1024K, 0% used [0x00000000d5680000,0x00000000d5680000,0x00000000d5780000)
 ParOldGen       total 411136K, used 410728K [0x0000000080000000, 0x0000000099180000, 0x00000000d5580000)
  object space 411136K, 99% used [0x0000000080000000,0x000000009911a168,0x0000000099180000)
 Metaspace       used 63187K, committed 64640K, reserved 1114112K
  class space    used 6419K, committed 7040K, reserved 1048576K
}
Event: 40.405 GC heap before
{Heap before GC invocations=426 (full 3):
 PSYoungGen      total 2048K, used 1594K [0x00000000d5580000, 0x00000000d5a80000, 0x0000000100000000)
  eden space 1024K, 99% used [0x00000000d5580000,0x00000000d567eb10,0x00000000d5680000)
  from space 1024K, 56% used [0x00000000d5980000,0x00000000d5a10000,0x00000000d5a80000)
  to   space 1024K, 0% used [0x00000000d5680000,0x00000000d5680000,0x00000000d5780000)
 ParOldGen       total 411136K, used 410728K [0x0000000080000000, 0x0000000099180000, 0x00000000d5580000)
  object space 411136K, 99% used [0x0000000080000000,0x000000009911a168,0x0000000099180000)
 Metaspace       used 63252K, committed 64704K, reserved 1114112K
  class space    used 6423K, committed 7040K, reserved 1048576K
}
Event: 40.406 GC heap after
{Heap after GC invocations=426 (full 3):
 PSYoungGen      total 2048K, used 800K [0x00000000d5580000, 0x00000000d5a00000, 0x0000000100000000)
  eden space 1024K, 0% used [0x00000000d5580000,0x00000000d5580000,0x00000000d5680000)
  from space 1024K, 78% used [0x00000000d5680000,0x00000000d5748000,0x00000000d5780000)
  to   space 1024K, 0% used [0x00000000d5900000,0x00000000d5900000,0x00000000d5a00000)
 ParOldGen       total 411648K, used 411192K [0x0000000080000000, 0x0000000099200000, 0x00000000d5580000)
  object space 411648K, 99% used [0x0000000080000000,0x000000009918e168,0x0000000099200000)
 Metaspace       used 63252K, committed 64704K, reserved 1114112K
  class space    used 6423K, committed 7040K, reserved 1048576K
}
Event: 40.416 GC heap before
{Heap before GC invocations=427 (full 3):
 PSYoungGen      total 2048K, used 1674K [0x00000000d5580000, 0x00000000d5a00000, 0x0000000100000000)
  eden space 1024K, 85% used [0x00000000d5580000,0x00000000d565aaf0,0x00000000d5680000)
  from space 1024K, 78% used [0x00000000d5680000,0x00000000d5748000,0x00000000d5780000)
  to   space 1024K, 0% used [0x00000000d5900000,0x00000000d5900000,0x00000000d5a00000)
 ParOldGen       total 411648K, used 411192K [0x0000000080000000, 0x0000000099200000, 0x00000000d5580000)
  object space 411648K, 99% used [0x0000000080000000,0x000000009918e168,0x0000000099200000)
 Metaspace       used 63335K, committed 64768K, reserved 1114112K
  class space    used 6430K, committed 7040K, reserved 1048576K
}
Event: 40.418 GC heap after
{Heap after GC invocations=427 (full 3):
 PSYoungGen      total 2048K, used 699K [0x00000000d5580000, 0x00000000d5a00000, 0x0000000100000000)
  eden space 1024K, 0% used [0x00000000d5580000,0x00000000d5580000,0x00000000d5680000)
  from space 1024K, 68% used [0x00000000d5900000,0x00000000d59aef48,0x00000000d5a00000)
  to   space 1024K, 0% used [0x00000000d5680000,0x00000000d5680000,0x00000000d5780000)
 ParOldGen       total 412160K, used 411824K [0x0000000080000000, 0x0000000099280000, 0x00000000d5580000)
  object space 412160K, 99% used [0x0000000080000000,0x000000009922c158,0x0000000099280000)
 Metaspace       used 63335K, committed 64768K, reserved 1114112K
  class space    used 6430K, committed 7040K, reserved 1048576K
}
Event: 40.424 GC heap before
{Heap before GC invocations=428 (full 3):
 PSYoungGen      total 2048K, used 1508K [0x00000000d5580000, 0x00000000d5a00000, 0x0000000100000000)
  eden space 1024K, 78% used [0x00000000d5580000,0x00000000d564a1b8,0x00000000d5680000)
  from space 1024K, 68% used [0x00000000d5900000,0x00000000d59aef48,0x00000000d5a00000)
  to   space 1024K, 0% used [0x00000000d5680000,0x00000000d5680000,0x00000000d5780000)
 ParOldGen       total 412160K, used 411824K [0x0000000080000000, 0x0000000099280000, 0x00000000d5580000)
  object space 412160K, 99% used [0x0000000080000000,0x000000009922c158,0x0000000099280000)
 Metaspace       used 63352K, committed 64768K, reserved 1114112K
  class space    used 6433K, committed 7040K, reserved 1048576K
}
Event: 40.425 GC heap after
{Heap after GC invocations=428 (full 3):
 PSYoungGen      total 2048K, used 871K [0x00000000d5580000, 0x00000000d5980000, 0x0000000100000000)
  eden space 1024K, 0% used [0x00000000d5580000,0x00000000d5580000,0x00000000d5680000)
  from space 1024K, 85% used [0x00000000d5680000,0x00000000d5759e90,0x00000000d5780000)
  to   space 1024K, 0% used [0x00000000d5880000,0x00000000d5880000,0x00000000d5980000)
 ParOldGen       total 412672K, used 412370K [0x0000000080000000, 0x0000000099300000, 0x00000000d5580000)
  object space 412672K, 99% used [0x0000000080000000,0x00000000992b4b48,0x0000000099300000)
 Metaspace       used 63352K, committed 64768K, reserved 1114112K
  class space    used 6433K, committed 7040K, reserved 1048576K
}
Event: 40.428 GC heap before
{Heap before GC invocations=429 (full 3):
 PSYoungGen      total 2048K, used 1895K [0x00000000d5580000, 0x00000000d5980000, 0x0000000100000000)
  eden space 1024K, 99% used [0x00000000d5580000,0x00000000d567fff8,0x00000000d5680000)
  from space 1024K, 85% used [0x00000000d5680000,0x00000000d5759e90,0x00000000d5780000)
  to   space 1024K, 0% used [0x00000000d5880000,0x00000000d5880000,0x00000000d5980000)
 ParOldGen       total 412672K, used 412370K [0x0000000080000000, 0x0000000099300000, 0x00000000d5580000)
  object space 412672K, 99% used [0x0000000080000000,0x00000000992b4b48,0x0000000099300000)
 Metaspace       used 63359K, committed 64768K, reserved 1114112K
  class space    used 6433K, committed 7040K, reserved 1048576K
}
Event: 40.429 GC heap after
{Heap after GC invocations=429 (full 3):
 PSYoungGen      total 2048K, used 736K [0x00000000d5580000, 0x00000000d5980000, 0x0000000100000000)
  eden space 1024K, 0% used [0x00000000d5580000,0x00000000d5580000,0x00000000d5680000)
  from space 1024K, 71% used [0x00000000d5880000,0x00000000d5938000,0x00000000d5980000)
  to   space 1024K, 0% used [0x00000000d5680000,0x00000000d5680000,0x00000000d5780000)
 ParOldGen       total 413696K, used 413482K [0x0000000080000000, 0x0000000099400000, 0x00000000d5580000)
  object space 413696K, 99% used [0x0000000080000000,0x00000000993ca9d8,0x0000000099400000)
 Metaspace       used 63359K, committed 64768K, reserved 1114112K
  class space    used 6433K, committed 7040K, reserved 1048576K
}
Event: 40.462 GC heap before
{Heap before GC invocations=430 (full 3):
 PSYoungGen      total 2048K, used 1759K [0x00000000d5580000, 0x00000000d5980000, 0x0000000100000000)
  eden space 1024K, 99% used [0x00000000d5580000,0x00000000d567ffe8,0x00000000d5680000)
  from space 1024K, 71% used [0x00000000d5880000,0x00000000d5938000,0x00000000d5980000)
  to   space 1024K, 0% used [0x00000000d5680000,0x00000000d5680000,0x00000000d5780000)
 ParOldGen       total 416768K, used 416170K [0x0000000080000000, 0x0000000099700000, 0x00000000d5580000)
  object space 416768K, 99% used [0x0000000080000000,0x000000009966a9d8,0x0000000099700000)
 Metaspace       used 63363K, committed 64768K, reserved 1114112K
  class space    used 6433K, committed 7040K, reserved 1048576K
}
Event: 40.463 GC heap after
{Heap after GC invocations=430 (full 3):
 PSYoungGen      total 2048K, used 995K [0x00000000d5580000, 0x00000000d5a80000, 0x0000000100000000)
  eden space 1024K, 0% used [0x00000000d5580000,0x00000000d5580000,0x00000000d5680000)
  from space 1024K, 97% used [0x00000000d5680000,0x00000000d5778ee8,0x00000000d5780000)
  to   space 2048K, 0% used [0x00000000d5880000,0x00000000d5880000,0x00000000d5a80000)
 ParOldGen       total 416768K, used 416698K [0x0000000080000000, 0x0000000099700000, 0x00000000d5580000)
  object space 416768K, 99% used [0x0000000080000000,0x00000000996ee9d8,0x0000000099700000)
 Metaspace       used 63363K, committed 64768K, reserved 1114112K
  class space    used 6433K, committed 7040K, reserved 1048576K
}
Event: 40.498 GC heap before
{Heap before GC invocations=431 (full 3):
 PSYoungGen      total 2048K, used 2019K [0x00000000d5580000, 0x00000000d5a80000, 0x0000000100000000)
  eden space 1024K, 100% used [0x00000000d5580000,0x00000000d5680000,0x00000000d5680000)
  from space 1024K, 97% used [0x00000000d5680000,0x00000000d5778ee8,0x00000000d5780000)
  to   space 2048K, 0% used [0x00000000d5880000,0x00000000d5880000,0x00000000d5a80000)
 ParOldGen       total 416768K, used 416698K [0x0000000080000000, 0x0000000099700000, 0x00000000d5580000)
  object space 416768K, 99% used [0x0000000080000000,0x00000000996ee9d8,0x0000000099700000)
 Metaspace       used 63366K, committed 64768K, reserved 1114112K
  class space    used 6433K, committed 7040K, reserved 1048576K
}
Event: 40.500 GC heap after
{Heap after GC invocations=431 (full 3):
 PSYoungGen      total 2048K, used 896K [0x00000000d5580000, 0x00000000d5980000, 0x0000000100000000)
  eden space 1024K, 0% used [0x00000000d5580000,0x00000000d5580000,0x00000000d5680000)
  from space 1024K, 87% used [0x00000000d5880000,0x00000000d5960000,0x00000000d5980000)
  to   space 1536K, 0% used [0x00000000d5680000,0x00000000d5680000,0x00000000d5800000)
 ParOldGen       total 417792K, used 417558K [0x0000000080000000, 0x0000000099800000, 0x00000000d5580000)
  object space 417792K, 99% used [0x0000000080000000,0x00000000997c58c0,0x0000000099800000)
 Metaspace       used 63366K, committed 64768K, reserved 1114112K
  class space    used 6433K, committed 7040K, reserved 1048576K
}
Event: 40.515 GC heap before
{Heap before GC invocations=432 (full 3):
 PSYoungGen      total 2048K, used 1920K [0x00000000d5580000, 0x00000000d5980000, 0x0000000100000000)
  eden space 1024K, 100% used [0x00000000d5580000,0x00000000d5680000,0x00000000d5680000)
  from space 1024K, 87% used [0x00000000d5880000,0x00000000d5960000,0x00000000d5980000)
  to   space 1536K, 0% used [0x00000000d5680000,0x00000000d5680000,0x00000000d5800000)
 ParOldGen       total 417792K, used 417558K [0x0000000080000000, 0x0000000099800000, 0x00000000d5580000)
  object space 417792K, 99% used [0x0000000080000000,0x00000000997c58c0,0x0000000099800000)
 Metaspace       used 63366K, committed 64768K, reserved 1114112K
  class space    used 6433K, committed 7040K, reserved 1048576K
}
Event: 40.517 GC heap after
{Heap after GC invocations=432 (full 3):
 PSYoungGen      total 2560K, used 1219K [0x00000000d5580000, 0x00000000d5980000, 0x0000000100000000)
  eden space 1024K, 0% used [0x00000000d5580000,0x00000000d5580000,0x00000000d5680000)
  from space 1536K, 79% used [0x00000000d5680000,0x00000000d57b0f10,0x00000000d5800000)
  to   space 1536K, 0% used [0x00000000d5800000,0x00000000d5800000,0x00000000d5980000)
 ParOldGen       total 418816K, used 418331K [0x0000000080000000, 0x0000000099900000, 0x00000000d5580000)
  object space 418816K, 99% used [0x0000000080000000,0x0000000099886e10,0x0000000099900000)
 Metaspace       used 63366K, committed 64768K, reserved 1114112K
  class space    used 6433K, committed 7040K, reserved 1048576K
}

