# JRE version: OpenJDK Runtime Environment Temurin-21.0.10+7 (21.0.10+7) (build 21.0.10+7-LTS)
# Java VM: OpenJDK 64-Bit Server VM Temurin-21.0.10+7 (21.0.10+7-LTS, mixed mode, sharing, tiered, compressed oops, compressed class ptrs, parallel gc, windows-amd64)
GC Precious Log:
 CardTable entry size: 512
 CPUs: 16 total, 16 available
 Memory: 16109M
 Large Page Support: Disabled
 NUMA Support: Disabled
 Compressed Oops: Enabled (32-bit)
 Alignments: Space 512K, Generation 512K, Heap 2M
 Heap Min Capacity: 100M
 Heap Initial Capacity: 100M
 Heap Max Capacity: 2G
 Pre-touch: Disabled
 Parallel Workers: 13
Heap:
 PSYoungGen      total 8704K, used 7844K [0x00000000d5580000, 0x00000000d6100000, 0x0000000100000000)
  eden space 7680K, 95% used [0x00000000d5580000,0x00000000d5ca12c0,0x00000000d5d00000)
  from space 1024K, 53% used [0x00000000d5f80000,0x00000000d6008000,0x00000000d6080000)
  to   space 512K, 0% used [0x00000000d6080000,0x00000000d6080000,0x00000000d6100000)
 ParOldGen       total 521728K, used 325320K [0x0000000080000000, 0x000000009fd80000, 0x00000000d5580000)
  object space 521728K, 62% used [0x0000000080000000,0x0000000093db2248,0x000000009fd80000)
 Metaspace       used 84180K, committed 86016K, reserved 1179648K
  class space    used 8674K, committed 9472K, reserved 1048576K
GC Heap History (20 events):
Event: 246.365 GC heap before
{Heap before GC invocations=814 (full 4):
 PSYoungGen      total 8704K, used 8682K [0x00000000d5580000, 0x00000000d6800000, 0x0000000100000000)
  eden space 7680K, 99% used [0x00000000d5580000,0x00000000d5cfce60,0x00000000d5d00000)
  from space 1024K, 99% used [0x00000000d5f80000,0x00000000d607dcc8,0x00000000d6080000)
  to   space 5632K, 0% used [0x00000000d6280000,0x00000000d6280000,0x00000000d6800000)
 ParOldGen       total 521728K, used 315854K [0x0000000080000000, 0x000000009fd80000, 0x00000000d5580000)
  object space 521728K, 60% used [0x0000000080000000,0x0000000093473810,0x000000009fd80000)
 Metaspace       used 78992K, committed 80640K, reserved 1179648K
  class space    used 7953K, committed 8640K, reserved 1048576K
}
Event: 246.369 GC heap after
{Heap after GC invocations=814 (full 4):
 PSYoungGen      total 8704K, used 640K [0x00000000d5580000, 0x00000000d6380000, 0x0000000100000000)
  eden space 7680K, 0% used [0x00000000d5580000,0x00000000d5580000,0x00000000d5d00000)
  from space 1024K, 62% used [0x00000000d6280000,0x00000000d6320000,0x00000000d6380000)
  to   space 2560K, 0% used [0x00000000d5e80000,0x00000000d5e80000,0x00000000d6100000)
 ParOldGen       total 521728K, used 316893K [0x0000000080000000, 0x000000009fd80000, 0x00000000d5580000)
  object space 521728K, 60% used [0x0000000080000000,0x00000000935774d8,0x000000009fd80000)
 Metaspace       used 78992K, committed 80640K, reserved 1179648K
  class space    used 7953K, committed 8640K, reserved 1048576K
}
Event: 246.794 GC heap before
{Heap before GC invocations=815 (full 4):
 PSYoungGen      total 8704K, used 8320K [0x00000000d5580000, 0x00000000d6380000, 0x0000000100000000)
  eden space 7680K, 100% used [0x00000000d5580000,0x00000000d5d00000,0x00000000d5d00000)
  from space 1024K, 62% used [0x00000000d6280000,0x00000000d6320000,0x00000000d6380000)
  to   space 2560K, 0% used [0x00000000d5e80000,0x00000000d5e80000,0x00000000d6100000)
 ParOldGen       total 521728K, used 316893K [0x0000000080000000, 0x000000009fd80000, 0x00000000d5580000)
  object space 521728K, 60% used [0x0000000080000000,0x00000000935774d8,0x000000009fd80000)
 Metaspace       used 80125K, committed 81856K, reserved 1179648K
  class space    used 8145K, committed 8896K, reserved 1048576K
}
Event: 246.799 GC heap after
{Heap after GC invocations=815 (full 4):
 PSYoungGen      total 10240K, used 633K [0x00000000d5580000, 0x00000000d6300000, 0x0000000100000000)
  eden space 7680K, 0% used [0x00000000d5580000,0x00000000d5580000,0x00000000d5d00000)
  from space 2560K, 24% used [0x00000000d5e80000,0x00000000d5f1e5b8,0x00000000d6100000)
  to   space 1024K, 0% used [0x00000000d6200000,0x00000000d6200000,0x00000000d6300000)
 ParOldGen       total 521728K, used 317277K [0x0000000080000000, 0x000000009fd80000, 0x00000000d5580000)
  object space 521728K, 60% used [0x0000000080000000,0x00000000935d74d8,0x000000009fd80000)
 Metaspace       used 80125K, committed 81856K, reserved 1179648K
  class space    used 8145K, committed 8896K, reserved 1048576K
}
Event: 247.275 GC heap before
{Heap before GC invocations=816 (full 4):
 PSYoungGen      total 10240K, used 8313K [0x00000000d5580000, 0x00000000d6300000, 0x0000000100000000)
  eden space 7680K, 99% used [0x00000000d5580000,0x00000000d5cfffd8,0x00000000d5d00000)
  from space 2560K, 24% used [0x00000000d5e80000,0x00000000d5f1e5b8,0x00000000d6100000)
  to   space 1024K, 0% used [0x00000000d6200000,0x00000000d6200000,0x00000000d6300000)
 ParOldGen       total 521728K, used 317277K [0x0000000080000000, 0x000000009fd80000, 0x00000000d5580000)
  object space 521728K, 60% used [0x0000000080000000,0x00000000935d74d8,0x000000009fd80000)
 Metaspace       used 81405K, committed 83136K, reserved 1179648K
  class space    used 8349K, committed 9088K, reserved 1048576K
}
Event: 247.278 GC heap after
{Heap after GC invocations=816 (full 4):
 PSYoungGen      total 8192K, used 320K [0x00000000d5580000, 0x00000000d6280000, 0x0000000100000000)
  eden space 7680K, 0% used [0x00000000d5580000,0x00000000d5580000,0x00000000d5d00000)
  from space 512K, 62% used [0x00000000d6200000,0x00000000d6250000,0x00000000d6280000)
  to   space 512K, 0% used [0x00000000d6180000,0x00000000d6180000,0x00000000d6200000)
 ParOldGen       total 521728K, used 317754K [0x0000000080000000, 0x000000009fd80000, 0x00000000d5580000)
  object space 521728K, 60% used [0x0000000080000000,0x000000009364eaf0,0x000000009fd80000)
 Metaspace       used 81405K, committed 83136K, reserved 1179648K
  class space    used 8349K, committed 9088K, reserved 1048576K
}
Event: 247.510 GC heap before
{Heap before GC invocations=817 (full 4):
 PSYoungGen      total 8192K, used 8000K [0x00000000d5580000, 0x00000000d6280000, 0x0000000100000000)
  eden space 7680K, 100% used [0x00000000d5580000,0x00000000d5d00000,0x00000000d5d00000)
  from space 512K, 62% used [0x00000000d6200000,0x00000000d6250000,0x00000000d6280000)
  to   space 512K, 0% used [0x00000000d6180000,0x00000000d6180000,0x00000000d6200000)
 ParOldGen       total 521728K, used 317754K [0x0000000080000000, 0x000000009fd80000, 0x00000000d5580000)
  object space 521728K, 60% used [0x0000000080000000,0x000000009364eaf0,0x000000009fd80000)
 Metaspace       used 82111K, committed 83840K, reserved 1179648K
  class space    used 8429K, committed 9152K, reserved 1048576K
}
Event: 247.513 GC heap after
{Heap after GC invocations=817 (full 4):
 PSYoungGen      total 8192K, used 512K [0x00000000d5580000, 0x00000000d6280000, 0x0000000100000000)
  eden space 7680K, 0% used [0x00000000d5580000,0x00000000d5580000,0x00000000d5d00000)
  from space 512K, 100% used [0x00000000d6180000,0x00000000d6200000,0x00000000d6200000)
  to   space 512K, 0% used [0x00000000d6200000,0x00000000d6200000,0x00000000d6280000)
 ParOldGen       total 521728K, used 318034K [0x0000000080000000, 0x000000009fd80000, 0x00000000d5580000)
  object space 521728K, 60% used [0x0000000080000000,0x0000000093694b20,0x000000009fd80000)
 Metaspace       used 82111K, committed 83840K, reserved 1179648K
  class space    used 8429K, committed 9152K, reserved 1048576K
}
Event: 247.689 GC heap before
{Heap before GC invocations=818 (full 4):
 PSYoungGen      total 8192K, used 8191K [0x00000000d5580000, 0x00000000d6280000, 0x0000000100000000)
  eden space 7680K, 99% used [0x00000000d5580000,0x00000000d5cffff0,0x00000000d5d00000)
  from space 512K, 100% used [0x00000000d6180000,0x00000000d6200000,0x00000000d6200000)
  to   space 512K, 0% used [0x00000000d6200000,0x00000000d6200000,0x00000000d6280000)
 ParOldGen       total 521728K, used 318034K [0x0000000080000000, 0x000000009fd80000, 0x00000000d5580000)
  object space 521728K, 60% used [0x0000000080000000,0x0000000093694b20,0x000000009fd80000)
 Metaspace       used 82492K, committed 84224K, reserved 1179648K
  class space    used 8505K, committed 9216K, reserved 1048576K
}
Event: 247.697 GC heap after
{Heap after GC invocations=818 (full 4):
 PSYoungGen      total 8192K, used 487K [0x00000000d5580000, 0x00000000d6300000, 0x0000000100000000)
  eden space 7680K, 0% used [0x00000000d5580000,0x00000000d5580000,0x00000000d5d00000)
  from space 512K, 95% used [0x00000000d6200000,0x00000000d6279f48,0x00000000d6280000)
  to   space 3072K, 0% used [0x00000000d5d00000,0x00000000d5d00000,0x00000000d6000000)
 ParOldGen       total 521728K, used 319876K [0x0000000080000000, 0x000000009fd80000, 0x00000000d5580000)
  object space 521728K, 61% used [0x0000000080000000,0x0000000093861368,0x000000009fd80000)
 Metaspace       used 82492K, committed 84224K, reserved 1179648K
  class space    used 8505K, committed 9216K, reserved 1048576K
}
Event: 247.723 GC heap before
{Heap before GC invocations=819 (full 4):
 PSYoungGen      total 8192K, used 8167K [0x00000000d5580000, 0x00000000d6300000, 0x0000000100000000)
  eden space 7680K, 100% used [0x00000000d5580000,0x00000000d5d00000,0x00000000d5d00000)
  from space 512K, 95% used [0x00000000d6200000,0x00000000d6279f48,0x00000000d6280000)
  to   space 3072K, 0% used [0x00000000d5d00000,0x00000000d5d00000,0x00000000d6000000)
 ParOldGen       total 521728K, used 319876K [0x0000000080000000, 0x000000009fd80000, 0x00000000d5580000)
  object space 521728K, 61% used [0x0000000080000000,0x0000000093861368,0x000000009fd80000)
 Metaspace       used 82495K, committed 84224K, reserved 1179648K
  class space    used 8505K, committed 9216K, reserved 1048576K
}
Event: 247.729 GC heap after
{Heap after GC invocations=819 (full 4):
 PSYoungGen      total 10752K, used 3060K [0x00000000d5580000, 0x00000000d6600000, 0x0000000100000000)
  eden space 7680K, 0% used [0x00000000d5580000,0x00000000d5580000,0x00000000d5d00000)
  from space 3072K, 99% used [0x00000000d5d00000,0x00000000d5ffd220,0x00000000d6000000)
  to   space 4608K, 0% used [0x00000000d6180000,0x00000000d6180000,0x00000000d6600000)
 ParOldGen       total 521728K, used 320800K [0x0000000080000000, 0x000000009fd80000, 0x00000000d5580000)
  object space 521728K, 61% used [0x0000000080000000,0x0000000093948340,0x000000009fd80000)
 Metaspace       used 82495K, committed 84224K, reserved 1179648K
  class space    used 8505K, committed 9216K, reserved 1048576K
}
Event: 247.757 GC heap before
{Heap before GC invocations=820 (full 4):
 PSYoungGen      total 10752K, used 10740K [0x00000000d5580000, 0x00000000d6600000, 0x0000000100000000)
  eden space 7680K, 99% used [0x00000000d5580000,0x00000000d5cfffc0,0x00000000d5d00000)
  from space 3072K, 99% used [0x00000000d5d00000,0x00000000d5ffd220,0x00000000d6000000)
  to   space 4608K, 0% used [0x00000000d6180000,0x00000000d6180000,0x00000000d6600000)
 ParOldGen       total 521728K, used 320800K [0x0000000080000000, 0x000000009fd80000, 0x00000000d5580000)
  object space 521728K, 61% used [0x0000000080000000,0x0000000093948340,0x000000009fd80000)
 Metaspace       used 82503K, committed 84288K, reserved 1179648K
  class space    used 8506K, committed 9280K, reserved 1048576K
}
Event: 247.765 GC heap after
{Heap after GC invocations=820 (full 4):
 PSYoungGen      total 11264K, used 3343K [0x00000000d5580000, 0x00000000d6500000, 0x0000000100000000)
  eden space 7680K, 0% used [0x00000000d5580000,0x00000000d5580000,0x00000000d5d00000)
  from space 3584K, 93% used [0x00000000d6180000,0x00000000d64c3e90,0x00000000d6500000)
  to   space 3584K, 0% used [0x00000000d5e00000,0x00000000d5e00000,0x00000000d6180000)
 ParOldGen       total 521728K, used 323806K [0x0000000080000000, 0x000000009fd80000, 0x00000000d5580000)
  object space 521728K, 62% used [0x0000000080000000,0x0000000093c37a60,0x000000009fd80000)
 Metaspace       used 82503K, committed 84288K, reserved 1179648K
  class space    used 8506K, committed 9280K, reserved 1048576K
}
Event: 247.864 GC heap before
{Heap before GC invocations=821 (full 4):
 PSYoungGen      total 11264K, used 11023K [0x00000000d5580000, 0x00000000d6500000, 0x0000000100000000)
  eden space 7680K, 100% used [0x00000000d5580000,0x00000000d5d00000,0x00000000d5d00000)
  from space 3584K, 93% used [0x00000000d6180000,0x00000000d64c3e90,0x00000000d6500000)
  to   space 3584K, 0% used [0x00000000d5e00000,0x00000000d5e00000,0x00000000d6180000)
 ParOldGen       total 521728K, used 323806K [0x0000000080000000, 0x000000009fd80000, 0x00000000d5580000)
  object space 521728K, 62% used [0x0000000080000000,0x0000000093c37a60,0x000000009fd80000)
 Metaspace       used 82871K, committed 84544K, reserved 1179648K
  class space    used 8554K, committed 9280K, reserved 1048576K
}
Event: 247.880 GC heap after
{Heap after GC invocations=821 (full 4):
 PSYoungGen      total 8192K, used 363K [0x00000000d5580000, 0x00000000d6200000, 0x0000000100000000)
  eden space 7680K, 0% used [0x00000000d5580000,0x00000000d5580000,0x00000000d5d00000)
  from space 512K, 71% used [0x00000000d5e00000,0x00000000d5e5ae98,0x00000000d5e80000)
  to   space 1536K, 0% used [0x00000000d6080000,0x00000000d6080000,0x00000000d6200000)
 ParOldGen       total 521728K, used 324996K [0x0000000080000000, 0x000000009fd80000, 0x00000000d5580000)
  object space 521728K, 62% used [0x0000000080000000,0x0000000093d613b0,0x000000009fd80000)
 Metaspace       used 82871K, committed 84544K, reserved 1179648K
  class space    used 8554K, committed 9280K, reserved 1048576K
}
Event: 248.000 GC heap before
{Heap before GC invocations=822 (full 4):
 PSYoungGen      total 8192K, used 8043K [0x00000000d5580000, 0x00000000d6200000, 0x0000000100000000)
  eden space 7680K, 100% used [0x00000000d5580000,0x00000000d5d00000,0x00000000d5d00000)
  from space 512K, 71% used [0x00000000d5e00000,0x00000000d5e5ae98,0x00000000d5e80000)
  to   space 1536K, 0% used [0x00000000d6080000,0x00000000d6080000,0x00000000d6200000)
 ParOldGen       total 521728K, used 324996K [0x0000000080000000, 0x000000009fd80000, 0x00000000d5580000)
  object space 521728K, 62% used [0x0000000080000000,0x0000000093d613b0,0x000000009fd80000)
 Metaspace       used 83568K, committed 85312K, reserved 1179648K
  class space    used 8615K, committed 9344K, reserved 1048576K
}
Event: 248.003 GC heap after
{Heap after GC invocations=822 (full 4):
 PSYoungGen      total 8704K, used 617K [0x00000000d5580000, 0x00000000d6180000, 0x0000000100000000)
  eden space 7680K, 0% used [0x00000000d5580000,0x00000000d5580000,0x00000000d5d00000)
  from space 1024K, 60% used [0x00000000d6080000,0x00000000d611a400,0x00000000d6180000)
  to   space 1024K, 0% used [0x00000000d5f80000,0x00000000d5f80000,0x00000000d6080000)
 ParOldGen       total 521728K, used 325168K [0x0000000080000000, 0x000000009fd80000, 0x00000000d5580000)
  object space 521728K, 62% used [0x0000000080000000,0x0000000093d8c248,0x000000009fd80000)
 Metaspace       used 83568K, committed 85312K, reserved 1179648K
  class space    used 8615K, committed 9344K, reserved 1048576K
}
Event: 248.224 GC heap before
{Heap before GC invocations=823 (full 4):
 PSYoungGen      total 8704K, used 8297K [0x00000000d5580000, 0x00000000d6180000, 0x0000000100000000)
  eden space 7680K, 100% used [0x00000000d5580000,0x00000000d5d00000,0x00000000d5d00000)
  from space 1024K, 60% used [0x00000000d6080000,0x00000000d611a400,0x00000000d6180000)
  to   space 1024K, 0% used [0x00000000d5f80000,0x00000000d5f80000,0x00000000d6080000)
 ParOldGen       total 521728K, used 325168K [0x0000000080000000, 0x000000009fd80000, 0x00000000d5580000)
  object space 521728K, 62% used [0x0000000080000000,0x0000000093d8c248,0x000000009fd80000)
 Metaspace       used 84052K, committed 85888K, reserved 1179648K
  class space    used 8666K, committed 9472K, reserved 1048576K
}
Event: 248.226 GC heap after
{Heap after GC invocations=823 (full 4):
 PSYoungGen      total 8704K, used 544K [0x00000000d5580000, 0x00000000d6100000, 0x0000000100000000)
  eden space 7680K, 0% used [0x00000000d5580000,0x00000000d5580000,0x00000000d5d00000)
  from space 1024K, 53% used [0x00000000d5f80000,0x00000000d6008000,0x00000000d6080000)
  to   space 512K, 0% used [0x00000000d6080000,0x00000000d6080000,0x00000000d6100000)
 ParOldGen       total 521728K, used 325320K [0x0000000080000000, 0x000000009fd80000, 0x00000000d5580000)
  object space 521728K, 62% used [0x0000000080000000,0x0000000093db2248,0x000000009fd80000)
 Metaspace       used 84052K, committed 85888K, reserved 1179648K
  class space    used 8666K, committed 9472K, reserved 1048576K
}

