# JRE version: Java(TM) SE Runtime Environment (21.0.10+8) (build 21.0.10+8-LTS-217)
# Java VM: Java HotSpot(TM) 64-Bit Server VM (21.0.10+8-LTS-217, mixed mode, sharing, tiered, compressed oops, compressed class ptrs, g1 gc, windows-amd64)
GC Precious Log:
 CardTable entry size: 512
 Card Set container configuration: InlinePtr #cards 4 size 8 Array Of Cards #cards 16 size 48 Howl #buckets 8 coarsen threshold 3686 Howl Bitmap #cards 512 size 80 coarsen threshold 460 Card regions per heap region 1 cards per card region 4096
 CPUs: 16 total, 16 available
 Memory: 16109M
 Large Page Support: Disabled
 NUMA Support: Disabled
 Compressed Oops: Enabled (Zero based)
 Heap Region Size: 2M
 Heap Min Capacity: 8M
 Heap Initial Capacity: 252M
 Heap Max Capacity: 4028M
 Pre-touch: Disabled
 Parallel Workers: 13
 Concurrent Workers: 3
 Concurrent Refinement Workers: 13
 Periodic GC: Disabled
Heap:
 garbage-first heap   total 137216K, used 99435K [0x0000000704400000, 0x0000000800000000)
  region size 2048K, 38 young (77824K), 9 survivors (18432K)
 Metaspace       used 29681K, committed 30080K, reserved 1114112K
  class space    used 3259K, committed 3456K, reserved 1048576K
GC Heap History (8 events):
Event: 0.686 GC heap before
{Heap before GC invocations=0 (full 0):
 garbage-first heap   total 258048K, used 22528K [0x0000000704400000, 0x0000000800000000)
  region size 2048K, 11 young (22528K), 0 survivors (0K)
 Metaspace       used 5557K, committed 5824K, reserved 1114112K
  class space    used 634K, committed 768K, reserved 1048576K
}
Event: 0.690 GC heap after
{Heap after GC invocations=1 (full 0):
 garbage-first heap   total 258048K, used 3813K [0x0000000704400000, 0x0000000800000000)
  region size 2048K, 2 young (4096K), 2 survivors (4096K)
 Metaspace       used 5557K, committed 5824K, reserved 1114112K
  class space    used 634K, committed 768K, reserved 1048576K
}
Event: 1.264 GC heap before
{Heap before GC invocations=1 (full 0):
 garbage-first heap   total 258048K, used 38629K [0x0000000704400000, 0x0000000800000000)
  region size 2048K, 19 young (38912K), 2 survivors (4096K)
 Metaspace       used 9630K, committed 9792K, reserved 1114112K
  class space    used 1127K, committed 1216K, reserved 1048576K
}
Event: 1.268 GC heap after
{Heap after GC invocations=2 (full 0):
 garbage-first heap   total 258048K, used 5394K [0x0000000704400000, 0x0000000800000000)
  region size 2048K, 1 young (2048K), 1 survivors (2048K)
 Metaspace       used 9630K, committed 9792K, reserved 1114112K
  class space    used 1127K, committed 1216K, reserved 1048576K
}
Event: 5.520 GC heap before
{Heap before GC invocations=2 (full 0):
 garbage-first heap   total 258048K, used 189714K [0x0000000704400000, 0x0000000800000000)
  region size 2048K, 73 young (149504K), 1 survivors (2048K)
 Metaspace       used 21163K, committed 21504K, reserved 1114112K
  class space    used 2399K, committed 2560K, reserved 1048576K
}
Event: 5.531 GC heap after
{Heap after GC invocations=3 (full 0):
 garbage-first heap   total 258048K, used 27606K [0x0000000704400000, 0x0000000800000000)
  region size 2048K, 8 young (16384K), 8 survivors (16384K)
 Metaspace       used 21163K, committed 21504K, reserved 1114112K
  class space    used 2399K, committed 2560K, reserved 1048576K
}
Event: 6.916 GC heap before
{Heap before GC invocations=4 (full 0):
 garbage-first heap   total 102400K, used 101334K [0x0000000704400000, 0x0000000800000000)
  region size 2048K, 44 young (90112K), 8 survivors (16384K)
 Metaspace       used 27199K, committed 27520K, reserved 1114112K
  class space    used 3016K, committed 3200K, reserved 1048576K
}
Event: 6.959 GC heap after
{Heap after GC invocations=5 (full 0):
 garbage-first heap   total 137216K, used 42091K [0x0000000704400000, 0x0000000800000000)
  region size 2048K, 9 young (18432K), 9 survivors (18432K)
 Metaspace       used 27199K, committed 27520K, reserved 1114112K
  class space    used 3016K, committed 3200K, reserved 1048576K
}

